This is pdfTeX, Version 3.141592653-2.6-1.40.25 (MiKTeX 23.4) (preloaded format=pdflatex 2023.8.16)  16 AUG 2023 13:40
entering extended mode
 restricted \write18 enabled.
 %&-line parsing enabled.
**./main.tex
(main.tex
LaTeX2e <2022-11-01> patch level 1
L3 programming layer <2023-03-30>
(C:\Users\Dan\AppData\Local\Programs\MiKTeX\tex/latex/base\book.cls
Document Class: book 2022/07/02 v1.4n Standard LaTeX document class
(C:\Users\Dan\AppData\Local\Programs\MiKTeX\tex/latex/base\bk12.clo
File: bk12.clo 2022/07/02 v1.4n Standard LaTeX file (size option)
)
\c@part=\count185
\c@chapter=\count186
\c@section=\count187
\c@subsection=\count188
\c@subsubsection=\count189
\c@paragraph=\count190
\c@subparagraph=\count191
\c@figure=\count192
\c@table=\count193
\abovecaptionskip=\skip48
\belowcaptionskip=\skip49
\bibindent=\dimen140
)
(C:\Users\Dan\AppData\Local\Programs\MiKTeX\tex/latex/base\inputenc.sty
Package: inputenc 2021/02/14 v1.3d Input encoding file
\inpenc@prehook=\toks16
\inpenc@posthook=\toks17
)
(C:\Users\Dan\AppData\Local\Programs\MiKTeX\tex/latex/graphics\graphicx.sty
Package: graphicx 2021/09/16 v1.2d Enhanced LaTeX Graphics (DPC,SPQR)

(C:\Users\Dan\AppData\Local\Programs\MiKTeX\tex/latex/graphics\keyval.sty
Package: keyval 2022/05/29 v1.15 key=value parser (DPC)
\KV@toks@=\toks18
)
(C:\Users\Dan\AppData\Local\Programs\MiKTeX\tex/latex/graphics\graphics.sty
Package: graphics 2022/03/10 v1.4e Standard LaTeX Graphics (DPC,SPQR)

(C:\Users\Dan\AppData\Local\Programs\MiKTeX\tex/latex/graphics\trig.sty
Package: trig 2021/08/11 v1.11 sin cos tan (DPC)
)
(C:\Users\Dan\AppData\Local\Programs\MiKTeX\tex/latex/graphics-cfg\graphics.cfg
File: graphics.cfg 2016/06/04 v1.11 sample graphics configuration
)
Package graphics Info: Driver file: pdftex.def on input line 107.
 (C:\Users\Dan\AppData\Local\Programs\MiKTeX\tex/latex/graphics-def\pdftex.def
File: pdftex.def 2022/09/22 v1.2b Graphics/color driver for pdftex
))
\Gin@req@height=\dimen141
\Gin@req@width=\dimen142
) (C:\Users\Dan\AppData\Local\Programs\MiKTeX\tex/latex/listings\listings.sty
\lst@mode=\count194
\lst@gtempboxa=\box51
\lst@token=\toks19
\lst@length=\count195
\lst@currlwidth=\dimen143
\lst@column=\count196
\lst@pos=\count197
\lst@lostspace=\dimen144
\lst@width=\dimen145
\lst@newlines=\count198
\lst@lineno=\count199
\lst@maxwidth=\dimen146
(C:\Users\Dan\AppData\Local\Programs\MiKTeX\tex/latex/listings\lstmisc.sty
File: lstmisc.sty 2023/02/27 1.9 (Carsten Heinz)
\c@lstnumber=\count266
\lst@skipnumbers=\count267
\lst@framebox=\box52
)
(C:\Users\Dan\AppData\Local\Programs\MiKTeX\tex/latex/listings\listings.cfg
File: listings.cfg 2023/02/27 1.9 listings configuration
))
Package: listings 2023/02/27 1.9 (Carsten Heinz)

(C:\Users\Dan\AppData\Local\Programs\MiKTeX\tex/latex/xcolor\xcolor.sty
Package: xcolor 2022/06/12 v2.14 LaTeX color extensions (UK)

(C:\Users\Dan\AppData\Local\Programs\MiKTeX\tex/latex/graphics-cfg\color.cfg
File: color.cfg 2016/01/02 v1.6 sample color configuration
)
Package xcolor Info: Driver file: pdftex.def on input line 227.

(C:\Users\Dan\AppData\Local\Programs\MiKTeX\tex/latex/graphics\mathcolor.ltx)
Package xcolor Info: Model `cmy' substituted by `cmy0' on input line 1353.
Package xcolor Info: Model `hsb' substituted by `rgb' on input line 1357.
Package xcolor Info: Model `RGB' extended on input line 1369.
Package xcolor Info: Model `HTML' substituted by `rgb' on input line 1371.
Package xcolor Info: Model `Hsb' substituted by `hsb' on input line 1372.
Package xcolor Info: Model `tHsb' substituted by `hsb' on input line 1373.
Package xcolor Info: Model `HSB' substituted by `hsb' on input line 1374.
Package xcolor Info: Model `Gray' substituted by `gray' on input line 1375.
Package xcolor Info: Model `wave' substituted by `hsb' on input line 1376.
)
(C:\Users\Dan\AppData\Local\Programs\MiKTeX\tex/latex/caption\caption.sty
Package: caption 2023/03/12 v3.6j Customizing captions (AR)

(C:\Users\Dan\AppData\Local\Programs\MiKTeX\tex/latex/caption\caption3.sty
Package: caption3 2023/03/12 v2.4 caption3 kernel (AR)
\caption@tempdima=\dimen147
\captionmargin=\dimen148
\caption@leftmargin=\dimen149
\caption@rightmargin=\dimen150
\caption@width=\dimen151
\caption@indent=\dimen152
\caption@parindent=\dimen153
\caption@hangindent=\dimen154
Package caption Info: Standard document class detected.
)
\c@caption@flags=\count268
\c@continuedfloat=\count269
Package caption Info: listings package is loaded.
)
(C:\Users\Dan\AppData\Local\Programs\MiKTeX\tex/latex/caption\subcaption.sty
Package: subcaption 2023/02/19 v1.6 Sub-captions (AR)
Package caption Info: New subtype `subfigure' on input line 239.
\c@subfigure=\count270
Package caption Info: New subtype `subtable' on input line 239.
\c@subtable=\count271
)
(C:\Users\Dan\AppData\Local\Programs\MiKTeX\tex/latex/amsmath\amsmath.sty
Package: amsmath 2022/04/08 v2.17n AMS math features
\@mathmargin=\skip50

For additional information on amsmath, use the `?' option.
(C:\Users\Dan\AppData\Local\Programs\MiKTeX\tex/latex/amsmath\amstext.sty
Package: amstext 2021/08/26 v2.01 AMS text

(C:\Users\Dan\AppData\Local\Programs\MiKTeX\tex/latex/amsmath\amsgen.sty
File: amsgen.sty 1999/11/30 v2.0 generic functions
\@emptytoks=\toks20
\ex@=\dimen155
))
(C:\Users\Dan\AppData\Local\Programs\MiKTeX\tex/latex/amsmath\amsbsy.sty
Package: amsbsy 1999/11/29 v1.2d Bold Symbols
\pmbraise@=\dimen156
)
(C:\Users\Dan\AppData\Local\Programs\MiKTeX\tex/latex/amsmath\amsopn.sty
Package: amsopn 2022/04/08 v2.04 operator names
)
\inf@bad=\count272
LaTeX Info: Redefining \frac on input line 234.
\uproot@=\count273
\leftroot@=\count274
LaTeX Info: Redefining \overline on input line 399.
LaTeX Info: Redefining \colon on input line 410.
\classnum@=\count275
\DOTSCASE@=\count276
LaTeX Info: Redefining \ldots on input line 496.
LaTeX Info: Redefining \dots on input line 499.
LaTeX Info: Redefining \cdots on input line 620.
\Mathstrutbox@=\box53
\strutbox@=\box54
LaTeX Info: Redefining \big on input line 722.
LaTeX Info: Redefining \Big on input line 723.
LaTeX Info: Redefining \bigg on input line 724.
LaTeX Info: Redefining \Bigg on input line 725.
\big@size=\dimen157
LaTeX Font Info:    Redeclaring font encoding OML on input line 743.
LaTeX Font Info:    Redeclaring font encoding OMS on input line 744.
\macc@depth=\count277
LaTeX Info: Redefining \bmod on input line 905.
LaTeX Info: Redefining \pmod on input line 910.
LaTeX Info: Redefining \smash on input line 940.
LaTeX Info: Redefining \relbar on input line 970.
LaTeX Info: Redefining \Relbar on input line 971.
\c@MaxMatrixCols=\count278
\dotsspace@=\muskip16
\c@parentequation=\count279
\dspbrk@lvl=\count280
\tag@help=\toks21
\row@=\count281
\column@=\count282
\maxfields@=\count283
\andhelp@=\toks22
\eqnshift@=\dimen158
\alignsep@=\dimen159
\tagshift@=\dimen160
\tagwidth@=\dimen161
\totwidth@=\dimen162
\lineht@=\dimen163
\@envbody=\toks23
\multlinegap=\skip51
\multlinetaggap=\skip52
\mathdisplay@stack=\toks24
LaTeX Info: Redefining \[ on input line 2953.
LaTeX Info: Redefining \] on input line 2954.
)
(C:\Users\Dan\AppData\Local\Programs\MiKTeX\tex/latex/hyperref\hyperref.sty
Package: hyperref 2023-02-07 v7.00v Hypertext links for LaTeX

(C:\Users\Dan\AppData\Local\Programs\MiKTeX\tex/generic/ltxcmds\ltxcmds.sty
Package: ltxcmds 2020-05-10 v1.25 LaTeX kernel commands for general use (HO)
)
(C:\Users\Dan\AppData\Local\Programs\MiKTeX\tex/generic/iftex\iftex.sty
Package: iftex 2022/02/03 v1.0f TeX engine tests
)
(C:\Users\Dan\AppData\Local\Programs\MiKTeX\tex/generic/pdftexcmds\pdftexcmds.s
ty
Package: pdftexcmds 2020-06-27 v0.33 Utility functions of pdfTeX for LuaTeX (HO
)

(C:\Users\Dan\AppData\Local\Programs\MiKTeX\tex/generic/infwarerr\infwarerr.sty
Package: infwarerr 2019/12/03 v1.5 Providing info/warning/error messages (HO)
)
Package pdftexcmds Info: \pdf@primitive is available.
Package pdftexcmds Info: \pdf@ifprimitive is available.
Package pdftexcmds Info: \pdfdraftmode found.
)
(C:\Users\Dan\AppData\Local\Programs\MiKTeX\tex/latex/kvsetkeys\kvsetkeys.sty
Package: kvsetkeys 2022-10-05 v1.19 Key value parser (HO)
)
(C:\Users\Dan\AppData\Local\Programs\MiKTeX\tex/generic/kvdefinekeys\kvdefineke
ys.sty
Package: kvdefinekeys 2019-12-19 v1.6 Define keys (HO)
)
(C:\Users\Dan\AppData\Local\Programs\MiKTeX\tex/generic/pdfescape\pdfescape.sty
Package: pdfescape 2019/12/09 v1.15 Implements pdfTeX's escape features (HO)
) (C:\Users\Dan\AppData\Local\Programs\MiKTeX\tex/latex/hycolor\hycolor.sty
Package: hycolor 2020-01-27 v1.10 Color options for hyperref/bookmark (HO)
)
(C:\Users\Dan\AppData\Local\Programs\MiKTeX\tex/latex/letltxmacro\letltxmacro.s
ty
Package: letltxmacro 2019/12/03 v1.6 Let assignment for LaTeX macros (HO)
) (C:\Users\Dan\AppData\Local\Programs\MiKTeX\tex/latex/auxhook\auxhook.sty
Package: auxhook 2019-12-17 v1.6 Hooks for auxiliary files (HO)
)
(C:\Users\Dan\AppData\Local\Programs\MiKTeX\tex/latex/hyperref\nameref.sty
Package: nameref 2022-05-17 v2.50 Cross-referencing by name of section

(C:\Users\Dan\AppData\Local\Programs\MiKTeX\tex/latex/refcount\refcount.sty
Package: refcount 2019/12/15 v3.6 Data extraction from label references (HO)
)
(C:\Users\Dan\AppData\Local\Programs\MiKTeX\tex/generic/gettitlestring\gettitle
string.sty
Package: gettitlestring 2019/12/15 v1.6 Cleanup title references (HO)

(C:\Users\Dan\AppData\Local\Programs\MiKTeX\tex/latex/kvoptions\kvoptions.sty
Package: kvoptions 2022-06-15 v3.15 Key value format for package options (HO)
))
\c@section@level=\count284
)
\@linkdim=\dimen164
\Hy@linkcounter=\count285
\Hy@pagecounter=\count286
 (C:\Users\Dan\AppData\Local\Programs\MiKTeX\tex/latex/hyperref\pd1enc.def
File: pd1enc.def 2023-02-07 v7.00v Hyperref: PDFDocEncoding definition (HO)
Now handling font encoding PD1 ...
... no UTF-8 mapping file for font encoding PD1
)
(C:\Users\Dan\AppData\Local\Programs\MiKTeX\tex/generic/intcalc\intcalc.sty
Package: intcalc 2019/12/15 v1.3 Expandable calculations with integers (HO)
)
(C:\Users\Dan\AppData\Local\Programs\MiKTeX\tex/generic/etexcmds\etexcmds.sty
Package: etexcmds 2019/12/15 v1.7 Avoid name clashes with e-TeX commands (HO)
)
\Hy@SavedSpaceFactor=\count287

(C:\Users\Dan\AppData\Local\Programs\MiKTeX\tex/latex/hyperref\puenc.def
File: puenc.def 2023-02-07 v7.00v Hyperref: PDF Unicode definition (HO)
Now handling font encoding PU ...
... no UTF-8 mapping file for font encoding PU
)
Package hyperref Info: Hyper figures OFF on input line 4177.
Package hyperref Info: Link nesting OFF on input line 4182.
Package hyperref Info: Hyper index ON on input line 4185.
Package hyperref Info: Plain pages OFF on input line 4192.
Package hyperref Info: Backreferencing OFF on input line 4197.
Package hyperref Info: Implicit mode ON; LaTeX internals redefined.
Package hyperref Info: Bookmarks ON on input line 4425.
\c@Hy@tempcnt=\count288

(C:\Users\Dan\AppData\Local\Programs\MiKTeX\tex/latex/url\url.sty
\Urlmuskip=\muskip17
Package: url 2013/09/16  ver 3.4  Verb mode for urls, etc.
)
LaTeX Info: Redefining \url on input line 4763.
\XeTeXLinkMargin=\dimen165

(C:\Users\Dan\AppData\Local\Programs\MiKTeX\tex/generic/bitset\bitset.sty
Package: bitset 2019/12/09 v1.3 Handle bit-vector datatype (HO)

(C:\Users\Dan\AppData\Local\Programs\MiKTeX\tex/generic/bigintcalc\bigintcalc.s
ty
Package: bigintcalc 2019/12/15 v1.5 Expandable calculations on big integers (HO
)
))
\Fld@menulength=\count289
\Field@Width=\dimen166
\Fld@charsize=\dimen167
Package hyperref Info: Hyper figures OFF on input line 6042.
Package hyperref Info: Link nesting OFF on input line 6047.
Package hyperref Info: Hyper index ON on input line 6050.
Package hyperref Info: backreferencing OFF on input line 6057.
Package hyperref Info: Link coloring OFF on input line 6062.
Package hyperref Info: Link coloring with OCG OFF on input line 6067.
Package hyperref Info: PDF/A mode OFF on input line 6072.

(C:\Users\Dan\AppData\Local\Programs\MiKTeX\tex/latex/base\atbegshi-ltx.sty
Package: atbegshi-ltx 2021/01/10 v1.0c Emulation of the original atbegshi
package with kernel methods
)
\Hy@abspage=\count290
\c@Item=\count291
\c@Hfootnote=\count292
)
Package hyperref Info: Driver (autodetected): hpdftex.

(C:\Users\Dan\AppData\Local\Programs\MiKTeX\tex/latex/hyperref\hpdftex.def
File: hpdftex.def 2023-02-07 v7.00v Hyperref driver for pdfTeX

(C:\Users\Dan\AppData\Local\Programs\MiKTeX\tex/latex/base\atveryend-ltx.sty
Package: atveryend-ltx 2020/08/19 v1.0a Emulation of the original atveryend pac
kage
with kernel methods
)
\Fld@listcount=\count293
\c@bookmark@seq@number=\count294

(C:\Users\Dan\AppData\Local\Programs\MiKTeX\tex/latex/rerunfilecheck\rerunfilec
heck.sty
Package: rerunfilecheck 2022-07-10 v1.10 Rerun checks for auxiliary files (HO)

(C:\Users\Dan\AppData\Local\Programs\MiKTeX\tex/generic/uniquecounter\uniquecou
nter.sty
Package: uniquecounter 2019/12/15 v1.4 Provide unlimited unique counter (HO)
)
Package uniquecounter Info: New unique counter `rerunfilecheck' on input line 2
85.
)
\Hy@SectionHShift=\skip53
)
(C:\Users\Dan\AppData\Local\Programs\MiKTeX\tex/latex/cleveref\cleveref.sty
Package: cleveref 2018/03/27 v0.21.4 Intelligent cross-referencing
Package cleveref Info: `hyperref' support loaded on input line 2370.
LaTeX Info: Redefining \cref on input line 2370.
LaTeX Info: Redefining \Cref on input line 2370.
LaTeX Info: Redefining \crefrange on input line 2370.
LaTeX Info: Redefining \Crefrange on input line 2370.
LaTeX Info: Redefining \cpageref on input line 2370.
LaTeX Info: Redefining \Cpageref on input line 2370.
LaTeX Info: Redefining \cpagerefrange on input line 2370.
LaTeX Info: Redefining \Cpagerefrange on input line 2370.
LaTeX Info: Redefining \labelcref on input line 2370.
LaTeX Info: Redefining \labelcpageref on input line 2370.
Package cleveref Info: `listings' support loaded on input line 3131.
)
Package hyperref Info: Option `colorlinks' set `false' on input line 17.

(C:\Users\Dan\AppData\Local\Programs\MiKTeX\tex/latex/l3backend\l3backend-pdfte
x.def
File: l3backend-pdftex.def 2023-03-30 L3 backend support: PDF output (pdfTeX)
\l__color_backend_stack_int=\count295
\l__pdf_internal_box=\box55
) (main.aux (TeX_files/chapter01.aux) (TeX_files/chapter02.aux)
(TeX_files/chapter03.aux) (TeX_files/Appendix.aux))
\openout1 = `main.aux'.

LaTeX Font Info:    Checking defaults for OML/cmm/m/it on input line 46.
LaTeX Font Info:    ... okay on input line 46.
LaTeX Font Info:    Checking defaults for OMS/cmsy/m/n on input line 46.
LaTeX Font Info:    ... okay on input line 46.
LaTeX Font Info:    Checking defaults for OT1/cmr/m/n on input line 46.
LaTeX Font Info:    ... okay on input line 46.
LaTeX Font Info:    Checking defaults for T1/cmr/m/n on input line 46.
LaTeX Font Info:    ... okay on input line 46.
LaTeX Font Info:    Checking defaults for TS1/cmr/m/n on input line 46.
LaTeX Font Info:    ... okay on input line 46.
LaTeX Font Info:    Checking defaults for OMX/cmex/m/n on input line 46.
LaTeX Font Info:    ... okay on input line 46.
LaTeX Font Info:    Checking defaults for U/cmr/m/n on input line 46.
LaTeX Font Info:    ... okay on input line 46.
LaTeX Font Info:    Checking defaults for PD1/pdf/m/n on input line 46.
LaTeX Font Info:    ... okay on input line 46.
LaTeX Font Info:    Checking defaults for PU/pdf/m/n on input line 46.
LaTeX Font Info:    ... okay on input line 46.

(C:\Users\Dan\AppData\Local\Programs\MiKTeX\tex/context/base/mkii\supp-pdf.mkii
[Loading MPS to PDF converter (version 2006.09.02).]
\scratchcounter=\count296
\scratchdimen=\dimen168
\scratchbox=\box56
\nofMPsegments=\count297
\nofMParguments=\count298
\everyMPshowfont=\toks25
\MPscratchCnt=\count299
\MPscratchDim=\dimen169
\MPnumerator=\count300
\makeMPintoPDFobject=\count301
\everyMPtoPDFconversion=\toks26
)
(C:\Users\Dan\AppData\Local\Programs\MiKTeX\tex/latex/epstopdf-pkg\epstopdf-bas
e.sty
Package: epstopdf-base 2020-01-24 v2.11 Base part for package epstopdf
Package epstopdf-base Info: Redefining graphics rule for `.eps' on input line 4
85.

(C:\Users\Dan\AppData\Local\Programs\MiKTeX\tex/latex/00miktex\epstopdf-sys.cfg
File: epstopdf-sys.cfg 2021/03/18 v2.0 Configuration of epstopdf for MiKTeX
))
\c@lstlisting=\count302
Package caption Info: Begin \AtBeginDocument code.
Package caption Info: hyperref package is loaded.
Package caption Info: End \AtBeginDocument code.
Package hyperref Info: Link coloring OFF on input line 46.
 (main.out) (main.out)
\@outlinefile=\write3
\openout3 = `main.out'.

 [1



{C:/Users/Dan/AppData/Local/MiKTeX/fonts/map/pdftex/pdftex.map}]
Overfull \hbox (11.38055pt too wide) in paragraph at lines 58--59
\OT1/cmr/m/n/12 This work is li-censed un-der the Cre-ative Com-mons Attributio
n-NonCommercial
 []


Underfull \hbox (badness 10000) in paragraph at lines 58--59

 []

[2] [3] [4

] (main.toc [5])
\tf@toc=\write4
\openout4 = `main.toc'.

 [6]
\openout2 = `./TeX_files/chapter01.aux'.

 (TeX_files/chapter01.tex
Chapter 1.

Underfull \hbox (badness 10000) in paragraph at lines 4--7

 []


Underfull \hbox (badness 10000) in paragraph at lines 8--9

 []


Underfull \hbox (badness 10000) in paragraph at lines 10--11

 []

(C:\Users\Dan\AppData\Local\Programs\MiKTeX\tex/latex/listings\lstlang1.sty
File: lstlang1.sty 2023/02/27 1.9 listings language file
)
(C:\Users\Dan\AppData\Local\Programs\MiKTeX\tex/latex/listings\lstmisc.sty
File: lstmisc.sty 2023/02/27 1.9 (Carsten Heinz)
)
Package hyperref Info: bookmark level for unknown lstlisting defaults to 0 on i
nput line 16.
LaTeX Font Info:    Trying to load font information for TS1+cmtt on input line 
26.

(C:\Users\Dan\AppData\Local\Programs\MiKTeX\tex/latex/base\ts1cmtt.fd
File: ts1cmtt.fd 2022/07/10 v2.5l Standard LaTeX font definitions
) [1



]
Underfull \hbox (badness 10000) in paragraph at lines 56--57

 []

<./Figures//Labview1.png, id=268, 401.5pt x 321.2pt>
File: ./Figures//Labview1.png Graphic file (type png)
<use ./Figures//Labview1.png>
Package pdftex.def Info: ./Figures//Labview1.png  used on input line 63.
(pdftex.def)             Requested size: 191.10214pt x 152.88525pt.
<./Figures//GUI1.png, id=269, 199.24437pt x 114.4275pt>
File: ./Figures//GUI1.png Graphic file (type png)
<use ./Figures//GUI1.png>
Package pdftex.def Info: ./Figures//GUI1.png  used on input line 70.
(pdftex.def)             Requested size: 191.10214pt x 109.75485pt.
<./Figures//startup.png, id=271, 640.3925pt x 432.11438pt>
File: ./Figures//startup.png Graphic file (type png)
<use ./Figures//startup.png>
Package pdftex.def Info: ./Figures//startup.png  used on input line 83.
(pdftex.def)             Requested size: 390.0pt x 263.1608pt.

Underfull \hbox (badness 10000) in paragraph at lines 88--89

 []

[2 <./Figures//Labview1.png (PNG copy)> <./Figures//GUI1.png>] [3] [4 <./Figure
s//startup.png>]
Underfull \hbox (badness 10000) in paragraph at lines 94--95

 []

<./Figures//exampleFront1.png, id=333, 388.95313pt x 324.71312pt>
File: ./Figures//exampleFront1.png Graphic file (type png)
<use ./Figures//exampleFront1.png>
Package pdftex.def Info: ./Figures//exampleFront1.png  used on input line 101.
(pdftex.def)             Requested size: 191.10214pt x 159.54187pt.
<./Figures//ExampleBlock1.png, id=334, 1062.97125pt x 807.015pt>
File: ./Figures//ExampleBlock1.png Graphic file (type png)
<use ./Figures//ExampleBlock1.png>
Package pdftex.def Info: ./Figures//ExampleBlock1.png  used on input line 108.
(pdftex.def)             Requested size: 191.10214pt x 145.08403pt.
<./Figures//EmptyFront.png, id=336, 591.20876pt x 364.36125pt>
File: ./Figures//EmptyFront.png Graphic file (type png)
<use ./Figures//EmptyFront.png>
Package pdftex.def Info: ./Figures//EmptyFront.png  used on input line 119.
(pdftex.def)             Requested size: 390.0pt x 240.36241pt.

Underfull \hbox (badness 10000) in paragraph at lines 124--125

 []

[5] [6 <./Figures//exampleFront1.png> <./Figures//ExampleBlock1.png (PNG copy)>
 <./Figures//EmptyFront.png>]
<./Figures//EmptyBlock.png, id=352, 589.70313pt x 364.36125pt>
File: ./Figures//EmptyBlock.png Graphic file (type png)
<use ./Figures//EmptyBlock.png>
Package pdftex.def Info: ./Figures//EmptyBlock.png  used on input line 131.
(pdftex.def)             Requested size: 390.0pt x 240.97397pt.

Underfull \hbox (badness 10000) in paragraph at lines 138--139

 []


Underfull \vbox (badness 10000) has occurred while \output is active []

 [7 <./Figures//EmptyBlock.png>]
Underfull \hbox (badness 10000) in paragraph at lines 140--141

 []


Underfull \hbox (badness 10000) in paragraph at lines 142--143

 []

[8]
<./Figures//boolFig.png, id=377, 223.83624pt x 73.77562pt>
File: ./Figures//boolFig.png Graphic file (type png)
<use ./Figures//boolFig.png>
Package pdftex.def Info: ./Figures//boolFig.png  used on input line 164.
(pdftex.def)             Requested size: 191.10214pt x 62.98761pt.
<./Figures//floatFig.png, id=378, 212.29312pt x 82.80937pt>
File: ./Figures//floatFig.png Graphic file (type png)
<use ./Figures//floatFig.png>
Package pdftex.def Info: ./Figures//floatFig.png  used on input line 171.
(pdftex.def)             Requested size: 191.10214pt x 74.54668pt.
<./Figures//intFig.png, id=379, 222.8325pt x 101.37875pt>
File: ./Figures//intFig.png Graphic file (type png)
<use ./Figures//intFig.png>
Package pdftex.def Info: ./Figures//intFig.png  used on input line 178.
(pdftex.def)             Requested size: 191.10214pt x 86.94424pt.
<./Figures//stringFig.png, id=380, 208.78pt x 101.88063pt>
File: ./Figures//stringFig.png Graphic file (type png)
<use ./Figures//stringFig.png>
Package pdftex.def Info: ./Figures//stringFig.png  used on input line 185.
(pdftex.def)             Requested size: 191.10214pt x 93.26027pt.

Underfull \hbox (badness 10000) in paragraph at lines 195--196

 []


Underfull \vbox (badness 2521) has occurred while \output is active []

 [9]
Underfull \hbox (badness 10000) in paragraph at lines 197--198

 []


Underfull \hbox (badness 10000) in paragraph at lines 201--202

 []


Underfull \hbox (badness 10000) in paragraph at lines 203--204

 []

[10 <./Figures//boolFig.png> <./Figures//floatFig.png> <./Figures//intFig.png> 
<./Figures//stringFig.png>]
Underfull \hbox (badness 10000) in paragraph at lines 205--206

 []

<./Figures//blackboxtext.png, id=398, 198.7425pt x 74.2775pt>
File: ./Figures//blackboxtext.png Graphic file (type png)
<use ./Figures//blackboxtext.png>
Package pdftex.def Info: ./Figures//blackboxtext.png  used on input line 210.
(pdftex.def)             Requested size: 195.0pt x 72.88098pt.

Underfull \hbox (badness 10000) in paragraph at lines 215--216

 []


Underfull \hbox (badness 10000) in paragraph at lines 217--218

 []

<./Figures//example1Front.png, id=401, 607.77063pt x 388.45125pt>
File: ./Figures//example1Front.png Graphic file (type png)
<use ./Figures//example1Front.png>
Package pdftex.def Info: ./Figures//example1Front.png  used on input line 222.
(pdftex.def)             Requested size: 390.0pt x 249.27179pt.

Underfull \hbox (badness 10000) in paragraph at lines 229--230

 []


Underfull \vbox (badness 4108) has occurred while \output is active []

 [11 <./Figures//blackboxtext.png>]
<./Figures//example1Block.png, id=409, 599.74063pt x 388.45125pt>
File: ./Figures//example1Block.png Graphic file (type png)
<use ./Figures//example1Block.png>
Package pdftex.def Info: ./Figures//example1Block.png  used on input line 234.
(pdftex.def)             Requested size: 390.0pt x 252.60886pt.

Underfull \hbox (badness 10000) in paragraph at lines 239--240

 []

<./Figures//wireinprogress.png, id=411, 205.26688pt x 147.55125pt>
File: ./Figures//wireinprogress.png Graphic file (type png)
<use ./Figures//wireinprogress.png>
Package pdftex.def Info: ./Figures//wireinprogress.png  used on input line 244.

(pdftex.def)             Requested size: 195.0pt x 140.17062pt.
[12 <./Figures//example1Front.png>]
<./Figures//example2Block.png, id=421, 599.74063pt x 388.45125pt>
File: ./Figures//example2Block.png Graphic file (type png)
<use ./Figures//example2Block.png>
Package pdftex.def Info: ./Figures//example2Block.png  used on input line 252.
(pdftex.def)             Requested size: 390.0pt x 252.60886pt.

Underfull \hbox (badness 10000) in paragraph at lines 257--258

 []

<./Figures//context1Help.png, id=423, 219.82124pt x 198.7425pt>
File: ./Figures//context1Help.png Graphic file (type png)
<use ./Figures//context1Help.png>
Package pdftex.def Info: ./Figures//context1Help.png  used on input line 262.
(pdftex.def)             Requested size: 195.0pt x 176.3071pt.
[13 <./Figures//example1Block.png>] [14 <./Figures//wireinprogress.png> <./Figu
res//example2Block.png>]
Underfull \hbox (badness 10000) in paragraph at lines 267--268

 []

<./Figures//example3Block.png, id=439, 599.74063pt x 388.45125pt>
File: ./Figures//example3Block.png Graphic file (type png)
<use ./Figures//example3Block.png>
Package pdftex.def Info: ./Figures//example3Block.png  used on input line 272.
(pdftex.def)             Requested size: 390.0pt x 252.60886pt.

Underfull \hbox (badness 10000) in paragraph at lines 278--279

 []

<./Figures//exampleFrontTrue.png, id=442, 607.77063pt x 388.45125pt>
File: ./Figures//exampleFrontTrue.png Graphic file (type png)
<use ./Figures//exampleFrontTrue.png>
Package pdftex.def Info: ./Figures//exampleFrontTrue.png  used on input line 28
3.
(pdftex.def)             Requested size: 390.0pt x 249.27179pt.
<./Figures//exampleFrontFalse.png, id=443, 607.77063pt x 388.45125pt>
File: ./Figures//exampleFrontFalse.png Graphic file (type png)
<use ./Figures//exampleFrontFalse.png>
Package pdftex.def Info: ./Figures//exampleFrontFalse.png  used on input line 2
89.
(pdftex.def)             Requested size: 390.0pt x 249.27179pt.
[15 <./Figures//context1Help.png>]
Underfull \hbox (badness 10000) in paragraph at lines 301--302

 []


Underfull \vbox (badness 10000) has occurred while \output is active []

 [16 <./Figures//example3Block.png>] [17 <./Figures//exampleFrontTrue.png> <./F
igures//exampleFrontFalse.png>]
LaTeX Font Info:    Trying to load font information for OML+cmr on input line 3
03.

(C:\Users\Dan\AppData\Local\Programs\MiKTeX\tex/latex/base\omlcmr.fd
File: omlcmr.fd 2022/07/10 v2.5l Standard LaTeX font definitions
)
LaTeX Font Info:    Font shape `OML/cmr/m/n' in size <12> not available
(Font)              Font shape `OML/cmm/m/it' tried instead on input line 303.

Underfull \vbox (badness 10000) has occurred while \output is active []

 [18]
Underfull \hbox (badness 10000) in paragraph at lines 311--313

 []


Underfull \hbox (badness 10000) in paragraph at lines 314--315

 []


Underfull \hbox (badness 10000) in paragraph at lines 318--320

 []


Underfull \hbox (badness 10000) in paragraph at lines 321--322

 []


Underfull \hbox (badness 10000) in paragraph at lines 323--324

 []

) [19]
\openout2 = `./TeX_files/chapter02.aux'.

 (TeX_files/chapter02.tex [20




]
Chapter 2.

Underfull \hbox (badness 10000) in paragraph at lines 2--3

 []


Underfull \hbox (badness 10000) in paragraph at lines 7--8

 []

[21]
<./Figures//ch2eg1True.png, id=490, 595.72563pt x 369.38pt>
File: ./Figures//ch2eg1True.png Graphic file (type png)
<use ./Figures//ch2eg1True.png>
Package pdftex.def Info: ./Figures//ch2eg1True.png  used on input line 15.
(pdftex.def)             Requested size: 390.0pt x 241.81885pt.
<./Figures//ch2eg1False.png, id=491, 595.72563pt x 369.38pt>
File: ./Figures//ch2eg1False.png Graphic file (type png)
<use ./Figures//ch2eg1False.png>
Package pdftex.def Info: ./Figures//ch2eg1False.png  used on input line 21.
(pdftex.def)             Requested size: 390.0pt x 241.81885pt.

Underfull \hbox (badness 10000) in paragraph at lines 26--27

 []

[22 <./Figures//ch2eg1True.png>]
<./Figures//ch2eg2.png, id=502, 595.72563pt x 369.38pt>
File: ./Figures//ch2eg2.png Graphic file (type png)
<use ./Figures//ch2eg2.png>
Package pdftex.def Info: ./Figures//ch2eg2.png  used on input line 31.
(pdftex.def)             Requested size: 390.0pt x 241.81885pt.

Underfull \hbox (badness 10000) in paragraph at lines 37--38

 []

[23 <./Figures//ch2eg1False.png>]
Underfull \hbox (badness 10000) in paragraph at lines 42--43

 []


Underfull \hbox (badness 10000) in paragraph at lines 44--45

 []


Underfull \hbox (badness 10000) in paragraph at lines 46--47

 []

[24 <./Figures//ch2eg2.png>]
<./Figures//ch2eg3.png, id=517, 595.72563pt x 369.38pt>
File: ./Figures//ch2eg3.png Graphic file (type png)
<use ./Figures//ch2eg3.png>
Package pdftex.def Info: ./Figures//ch2eg3.png  used on input line 54.
(pdftex.def)             Requested size: 390.0pt x 241.81885pt.

Underfull \hbox (badness 10000) in paragraph at lines 59--60

 []


Underfull \hbox (badness 10000) in paragraph at lines 61--62

 []

<./Figures//ch2eg4.png, id=519, 595.72563pt x 369.38pt>
File: ./Figures//ch2eg4.png Graphic file (type png)
<use ./Figures//ch2eg4.png>
Package pdftex.def Info: ./Figures//ch2eg4.png  used on input line 70.
(pdftex.def)             Requested size: 390.0pt x 241.81885pt.
[25]
Underfull \hbox (badness 10000) in paragraph at lines 75--76

 []


Underfull \hbox (badness 10000) in paragraph at lines 77--78

 []


Underfull \hbox (badness 10000) in paragraph at lines 79--80

 []


Underfull \hbox (badness 10000) in paragraph at lines 82--83

 []

[26 <./Figures//ch2eg3.png>]
<./Figures//ch2eg5.png, id=536, 595.72563pt x 369.38pt>
File: ./Figures//ch2eg5.png Graphic file (type png)
<use ./Figures//ch2eg5.png>
Package pdftex.def Info: ./Figures//ch2eg5.png  used on input line 87.
(pdftex.def)             Requested size: 390.0pt x 241.81885pt.

Underfull \hbox (badness 10000) in paragraph at lines 92--93

 []

<./Figures//stopIfTrue.png, id=538, 58.2175pt x 37.13875pt>
File: ./Figures//stopIfTrue.png Graphic file (type png)
<use ./Figures//stopIfTrue.png>
Package pdftex.def Info: ./Figures//stopIfTrue.png  used on input line 99.
(pdftex.def)             Requested size: 155.99762pt x 99.53983pt.
<./Figures//contIfTrue.png, id=539, 61.22874pt x 47.17625pt>
File: ./Figures//contIfTrue.png Graphic file (type png)
<use ./Figures//contIfTrue.png>
Package pdftex.def Info: ./Figures//contIfTrue.png  used on input line 105.
(pdftex.def)             Requested size: 155.99762pt x 120.21358pt.
[27 <./Figures//ch2eg4.png>]
Underfull \hbox (badness 10000) in paragraph at lines 112--113

 []


Underfull \hbox (badness 10000) in paragraph at lines 115--116

 []

[28 <./Figures//ch2eg5.png>]
<./Figures//createNumArrayConst.png, id=555, 98.86937pt x 67.25125pt>
File: ./Figures//createNumArrayConst.png Graphic file (type png)
<use ./Figures//createNumArrayConst.png>
Package pdftex.def Info: ./Figures//createNumArrayConst.png  used on input line
 124.
(pdftex.def)             Requested size: 155.99762pt x 106.12032pt.
<./Figures//numArrayConst.png, id=556, 100.87688pt x 67.25125pt>
File: ./Figures//numArrayConst.png Graphic file (type png)
<use ./Figures//numArrayConst.png>
Package pdftex.def Info: ./Figures//numArrayConst.png  used on input line 131.
(pdftex.def)             Requested size: 155.99762pt x 103.99924pt.
<./Figures//ch2SimpleArrayBlock.png, id=560, 594.22pt x 368.87813pt>
File: ./Figures//ch2SimpleArrayBlock.png Graphic file (type png)
<use ./Figures//ch2SimpleArrayBlock.png>
Package pdftex.def Info: ./Figures//ch2SimpleArrayBlock.png  used on input line
 145.
(pdftex.def)             Requested size: 390.0pt x 242.11507pt.
<./Figures//ch2SimpleArrayFront.png, id=561, 596.72937pt x 367.87437pt>
File: ./Figures//ch2SimpleArrayFront.png Graphic file (type png)
<use ./Figures//ch2SimpleArrayFront.png>
Package pdftex.def Info: ./Figures//ch2SimpleArrayFront.png  used on input line
 151.
(pdftex.def)             Requested size: 390.0pt x 240.429pt.
 [29 <./Figures//stopIfTrue.png> <./Figures//contIfTrue.png>]
Underfull \hbox (badness 10000) in paragraph at lines 156--157

 []

<./Figures//ch2IndexArrayBlock.png, id=574, 594.22pt x 368.87813pt>
File: ./Figures//ch2IndexArrayBlock.png Graphic file (type png)
<use ./Figures//ch2IndexArrayBlock.png>
Package pdftex.def Info: ./Figures//ch2IndexArrayBlock.png  used on input line 
162.
(pdftex.def)             Requested size: 390.0pt x 242.11507pt.

Underfull \hbox (badness 10000) in paragraph at lines 167--168

 []


Underfull \hbox (badness 10000) in paragraph at lines 169--170

 []


Underfull \hbox (badness 10000) in paragraph at lines 171--172

 []


Underfull \hbox (badness 10000) in paragraph at lines 173--174

 []

[30 <./Figures//createNumArrayConst.png> <./Figures//numArrayConst.png>]
[31 <./Figures//ch2SimpleArrayBlock.png> <./Figures//ch2SimpleArrayFront.png>]
Underfull \hbox (badness 10000) in paragraph at lines 175--176

 []

<./Figures//ch2IndexArrayFront.png, id=589, 596.72937pt x 367.87437pt>
File: ./Figures//ch2IndexArrayFront.png Graphic file (type png)
<use ./Figures//ch2IndexArrayFront.png>
Package pdftex.def Info: ./Figures//ch2IndexArrayFront.png  used on input line 
180.
(pdftex.def)             Requested size: 390.0pt x 240.429pt.

Underfull \hbox (badness 10000) in paragraph at lines 186--187

 []

[32 <./Figures//ch2IndexArrayBlock.png>]
<./Figures//ch2eg6Block.png, id=598, 595.72563pt x 369.38pt>
File: ./Figures//ch2eg6Block.png Graphic file (type png)
<use ./Figures//ch2eg6Block.png>
Package pdftex.def Info: ./Figures//ch2eg6Block.png  used on input line 191.
(pdftex.def)             Requested size: 390.0pt x 241.81885pt.
<./Figures//ch2eg6Front.png, id=599, 595.22375pt x 369.38pt>
File: ./Figures//ch2eg6Front.png Graphic file (type png)
<use ./Figures//ch2eg6Front.png>
Package pdftex.def Info: ./Figures//ch2eg6Front.png  used on input line 197.
(pdftex.def)             Requested size: 390.0pt x 242.02176pt.

Underfull \hbox (badness 10000) in paragraph at lines 202--203

 []

<./Figures//ch2SimpleForArray.png, id=602, 594.22pt x 368.87813pt>
File: ./Figures//ch2SimpleForArray.png Graphic file (type png)
<use ./Figures//ch2SimpleForArray.png>
Package pdftex.def Info: ./Figures//ch2SimpleForArray.png  used on input line 2
07.
(pdftex.def)             Requested size: 390.0pt x 242.11507pt.

Underfull \hbox (badness 10000) in paragraph at lines 212--213

 []

[33 <./Figures//ch2IndexArrayFront.png>] [34 <./Figures//ch2eg6Block.png> <./Fi
gures//ch2eg6Front.png>]
Underfull \hbox (badness 10000) in paragraph at lines 214--215

 []


Underfull \hbox (badness 10000) in paragraph at lines 216--217

 []

<./Figures//ch2eg7.png, id=618, 595.72563pt x 369.38pt>
File: ./Figures//ch2eg7.png Graphic file (type png)
<use ./Figures//ch2eg7.png>
Package pdftex.def Info: ./Figures//ch2eg7.png  used on input line 221.
(pdftex.def)             Requested size: 390.0pt x 241.81885pt.

Underfull \hbox (badness 10000) in paragraph at lines 226--227

 []

[35 <./Figures//ch2SimpleForArray.png>]
<./Figures//ch2Cluster.png, id=627, 596.72937pt x 366.36874pt>
File: ./Figures//ch2Cluster.png Graphic file (type png)
<use ./Figures//ch2Cluster.png>
Package pdftex.def Info: ./Figures//ch2Cluster.png  used on input line 232.
(pdftex.def)             Requested size: 390.0pt x 239.44499pt.

Underfull \hbox (badness 10000) in paragraph at lines 237--238

 []

[36 <./Figures//ch2eg7.png>]
Underfull \hbox (badness 10000) in paragraph at lines 239--240

 []


Underfull \hbox (badness 10000) in paragraph at lines 243--244

 []


Underfull \vbox (badness 10000) has occurred while \output is active []

 [37 <./Figures//ch2Cluster.png>]
Underfull \hbox (badness 10000) in paragraph at lines 245--246

 []

<./Figures//newProjectPage.png, id=645, 601.74812pt x 370.38374pt>
File: ./Figures//newProjectPage.png Graphic file (type png)
<use ./Figures//newProjectPage.png>
Package pdftex.def Info: ./Figures//newProjectPage.png  used on input line 251.

(pdftex.def)             Requested size: 390.0pt x 240.05707pt.
<./Figures//BookProject.png, id=647, 604.2575pt x 368.87813pt>
File: ./Figures//BookProject.png Graphic file (type png)
<use ./Figures//BookProject.png>
Package pdftex.def Info: ./Figures//BookProject.png  used on input line 259.
(pdftex.def)             Requested size: 390.0pt x 238.07935pt.

Underfull \hbox (badness 10000) in paragraph at lines 264--265

 []


Underfull \hbox (badness 10000) in paragraph at lines 266--267

 []

[38] [39 <./Figures//newProjectPage.png> <./Figures//BookProject.png>]
<./Figures//exampleMaxMinFunc.png, id=661, 301.62688pt x 148.05313pt>
File: ./Figures//exampleMaxMinFunc.png Graphic file (type png)
<use ./Figures//exampleMaxMinFunc.png>
Package pdftex.def Info: ./Figures//exampleMaxMinFunc.png  used on input line 2
72.
(pdftex.def)             Requested size: 292.5pt x 143.57294pt.
<./Figures//ch2LastFirst1.png, id=665, 592.71437pt x 370.88562pt>
File: ./Figures//ch2LastFirst1.png Graphic file (type png)
<use ./Figures//ch2LastFirst1.png>
Package pdftex.def Info: ./Figures//ch2LastFirst1.png  used on input line 280.
(pdftex.def)             Requested size: 390.0pt x 244.0439pt.


LaTeX Warning: Reference `ch2LastFirst2' on page 40 undefined on input line 285
.


Underfull \hbox (badness 10000) in paragraph at lines 285--286

 []

<./Figures//ch2SelectionExample.png, id=668, 232.36812pt x 150.06062pt>
File: ./Figures//ch2SelectionExample.png Graphic file (type png)
<use ./Figures//ch2SelectionExample.png>
Package pdftex.def Info: ./Figures//ch2SelectionExample.png  used on input line
 292.
(pdftex.def)             Requested size: 155.99762pt x 100.74388pt.
<./Figures//ch2SelectionSubVI.png, id=669, 192.72pt x 129.98563pt>
File: ./Figures//ch2SelectionSubVI.png Graphic file (type png)
<use ./Figures//ch2SelectionSubVI.png>
Package pdftex.def Info: ./Figures//ch2SelectionSubVI.png  used on input line 2
99.
(pdftex.def)             Requested size: 155.99762pt x 105.21635pt.
[40 <./Figures//exampleMaxMinFunc.png>]
<./Figures//ch2AutoSubVI.png, id=679, 591.20876pt x 366.36874pt>
File: ./Figures//ch2AutoSubVI.png Graphic file (type png)
<use ./Figures//ch2AutoSubVI.png>
Package pdftex.def Info: ./Figures//ch2AutoSubVI.png  used on input line 310.
(pdftex.def)             Requested size: 390.0pt x 241.6867pt.
<./Figures//ch2IconEdit.png, id=682, 723.70375pt x 349.305pt>
File: ./Figures//ch2IconEdit.png Graphic file (type png)
<use ./Figures//ch2IconEdit.png>
Package pdftex.def Info: ./Figures//ch2IconEdit.png  used on input line 318.
(pdftex.def)             Requested size: 390.0pt x 188.23813pt.
<./Figures//ch2FuncMyIcon.png, id=683, 257.96375pt x 254.45062pt>
File: ./Figures//ch2FuncMyIcon.png Graphic file (type png)
<use ./Figures//ch2FuncMyIcon.png>
Package pdftex.def Info: ./Figures//ch2FuncMyIcon.png  used on input line 324.
(pdftex.def)             Requested size: 97.5pt x 96.17197pt.
<./Figures//ch2FuncPreGrid.png, id=685, 54.70438pt x 29.10875pt>
File: ./Figures//ch2FuncPreGrid.png Graphic file (type png)
<use ./Figures//ch2FuncPreGrid.png>
Package pdftex.def Info: ./Figures//ch2FuncPreGrid.png  used on input line 334.

(pdftex.def)             Requested size: 155.99762pt x 83.00919pt.
<./Figures//ch2FuncPostGrid.png, id=686, 51.19125pt x 28.105pt>
File: ./Figures//ch2FuncPostGrid.png Graphic file (type png)
<use ./Figures//ch2FuncPostGrid.png>
Package pdftex.def Info: ./Figures//ch2FuncPostGrid.png  used on input line 341
.
(pdftex.def)             Requested size: 155.99762pt x 85.65147pt.
 [41 <./Figures//ch2LastFirst1.png>]
[42 <./Figures//ch2SelectionExample.png> <./Figures//ch2SelectionSubVI.png> <./
Figures//ch2AutoSubVI.png>] [43 <./Figures//ch2IconEdit.png> <./Figures//ch2Fun
cMyIcon.png>]
<./Figures//exampleMyFunc.png, id=710, 321.2pt x 155.58125pt>
File: ./Figures//exampleMyFunc.png Graphic file (type png)
<use ./Figures//exampleMyFunc.png>
Package pdftex.def Info: ./Figures//exampleMyFunc.png  used on input line 352.
(pdftex.def)             Requested size: 292.5pt x 141.6836pt.
<./Figures//MyFuncContext.png, id=712, 229.35687pt x 173.14688pt>
File: ./Figures//MyFuncContext.png Graphic file (type png)
<use ./Figures//MyFuncContext.png>
Package pdftex.def Info: ./Figures//MyFuncContext.png  used on input line 360.
(pdftex.def)             Requested size: 195.0pt x 147.2178pt.

Underfull \hbox (badness 10000) in paragraph at lines 366--367

 []

[44 <./Figures//ch2FuncPreGrid.png> <./Figures//ch2FuncPostGrid.png> <./Figures
//exampleMyFunc.png>]
<./Figures//ch2IndexArrayMyFunc.png, id=724, 592.71437pt x 368.87813pt>
File: ./Figures//ch2IndexArrayMyFunc.png Graphic file (type png)
<use ./Figures//ch2IndexArrayMyFunc.png>
Package pdftex.def Info: ./Figures//ch2IndexArrayMyFunc.png  used on input line
 371.
(pdftex.def)             Requested size: 390.0pt x 242.72296pt.
 [45 <./Figures//MyFuncContext.png>]
Underfull \hbox (badness 10000) in paragraph at lines 380--381

 []


Underfull \hbox (badness 10000) in paragraph at lines 382--383

 []


Underfull \hbox (badness 10000) in paragraph at lines 386--387

 []

[46 <./Figures//ch2IndexArrayMyFunc.png>]
Underfull \hbox (badness 10000) in paragraph at lines 388--389

 []


Underfull \hbox (badness 10000) in paragraph at lines 392--393

 []


Underfull \hbox (badness 10000) in paragraph at lines 394--395

 []


Underfull \hbox (badness 10000) in paragraph at lines 396--397

 []

[47]) [48]
\openout2 = `./TeX_files/chapter03.aux'.

 (TeX_files/chapter03.tex
Chapter 3.

Underfull \hbox (badness 10000) in paragraph at lines 2--3

 []


Underfull \hbox (badness 10000) in paragraph at lines 6--7

 []


Underfull \hbox (badness 10000) in paragraph at lines 8--9

 []

[49




]
<./Figures//FirmwareTool.png, id=754, 479.29062pt x 275.52937pt>
File: ./Figures//FirmwareTool.png Graphic file (type png)
<use ./Figures//FirmwareTool.png>
Package pdftex.def Info: ./Figures//FirmwareTool.png  used on input line 18.
(pdftex.def)             Requested size: 292.5pt x 168.14833pt.

Underfull \hbox (badness 10000) in paragraph at lines 22--23

 []

<./Figures//FirmwarePath.png, id=756, 479.29062pt x 275.52937pt>
File: ./Figures//FirmwarePath.png Graphic file (type png)
<use ./Figures//FirmwarePath.png>
Package pdftex.def Info: ./Figures//FirmwarePath.png  used on input line 27.
(pdftex.def)             Requested size: 292.5pt x 168.14833pt.

LaTeX Warning: Reference `BuiltInArduinoEg' on page 50 undefined on input line 
32.


LaTeX Warning: Reference `ArduinoStartCode' on page 50 undefined on input line 
36.


Underfull \hbox (badness 10000) in paragraph at lines 36--38

 []

[50 <./Figures//FirmwareTool.png>]
Underfull \hbox (badness 10000) in paragraph at lines 39--40

 []


Underfull \hbox (badness 10000) in paragraph at lines 41--42

 []


Underfull \hbox (badness 10000) in paragraph at lines 44--45

 []

[51 <./Figures//FirmwarePath.png>]
<./Figures//ArduinoMainOpen.png, id=770, 327.2225pt x 220.32312pt>
File: ./Figures//ArduinoMainOpen.png Graphic file (type png)
<use ./Figures//ArduinoMainOpen.png>
Package pdftex.def Info: ./Figures//ArduinoMainOpen.png  used on input line 49.

(pdftex.def)             Requested size: 272.99881pt x 183.8128pt.

Underfull \hbox (badness 10000) in paragraph at lines 54--55

 []

<./Figures//ArdOpenPorts.png, id=772, 604.75937pt x 251.94125pt>
File: ./Figures//ArdOpenPorts.png Graphic file (type png)
<use ./Figures//ArdOpenPorts.png>
Package pdftex.def Info: ./Figures//ArdOpenPorts.png  used on input line 59.
(pdftex.def)             Requested size: 390.0pt x 162.47202pt.

Underfull \hbox (badness 10000) in paragraph at lines 64--65

 []


Underfull \vbox (badness 10000) has occurred while \output is active []

 [52 <./Figures//ArduinoMainOpen.png>]
<./Figures//ArdLEDOFON.png, id=781, 470.75874pt x 230.8625pt>
File: ./Figures//ArdLEDOFON.png Graphic file (type png)
<use ./Figures//ArdLEDOFON.png>
Package pdftex.def Info: ./Figures//ArdLEDOFON.png  used on input line 69.
(pdftex.def)             Requested size: 312.00119pt x 153.00731pt.
<./Figures//Safeshutdown.jpg, id=783, 682.55pt x 426.59375pt>
File: ./Figures//Safeshutdown.jpg Graphic file (type jpg)
<use ./Figures//Safeshutdown.jpg>
Package pdftex.def Info: ./Figures//Safeshutdown.jpg  used on input line 77.
(pdftex.def)             Requested size: 312.00119pt x 195.00525pt.

Underfull \hbox (badness 10000) in paragraph at lines 82--83

 []

[53 <./Figures//ArdOpenPorts.png>] [54 <./Figures//ArdLEDOFON.png> <./Figures//
Safeshutdown.jpg>]
<./Figures//ArdClose.png, id=797, 489.32813pt x 231.36438pt>
File: ./Figures//ArdClose.png Graphic file (type png)
<use ./Figures//ArdClose.png>
Package pdftex.def Info: ./Figures//ArdClose.png  used on input line 87.
(pdftex.def)             Requested size: 312.00119pt x 147.52196pt.

Underfull \hbox (badness 10000) in paragraph at lines 93--95

 []


Underfull \hbox (badness 10000) in paragraph at lines 96--97

 []


Underfull \hbox (badness 10000) in paragraph at lines 98--99

 []

[55 <./Figures//ArdClose.png>]
Underfull \hbox (badness 10000) in paragraph at lines 100--101

 []


Underfull \hbox (badness 10000) in paragraph at lines 102--103

 []


Underfull \hbox (badness 10000) in paragraph at lines 104--106

 []


Underfull \hbox (badness 10000) in paragraph at lines 107--108

 []


Underfull \hbox (badness 10000) in paragraph at lines 109--110

 []


Underfull \hbox (badness 10000) in paragraph at lines 111--112

 []


Underfull \hbox (badness 10000) in paragraph at lines 113--114

 []

[56]) [57]
\openout2 = `./TeX_files/Appendix.aux'.

 (TeX_files/Appendix.tex [58




]
Appendix A.

Underfull \hbox (badness 10000) in paragraph at lines 6--7

 []


Overfull \hbox (3.36511pt too wide) in paragraph at lines 8--9
[]\OT1/cmr/m/n/12 Use your favourite in-ter-net search en-gine to search for \O
T1/cmtt/m/n/12 Labview community
 []


Underfull \hbox (badness 10000) in paragraph at lines 8--9

 []

[59]
Underfull \hbox (badness 10000) in paragraph at lines 12--13

 []


Underfull \hbox (badness 10000) in paragraph at lines 20--21

 []


Underfull \hbox (badness 10000) in paragraph at lines 24--25

 []

[60]) [61] [62



] (main.aux (TeX_files/chapter01.aux) (TeX_files/chapter02.aux)
(TeX_files/chapter03.aux) (TeX_files/Appendix.aux))

LaTeX Warning: There were undefined references.

Package rerunfilecheck Info: File `main.out' has not changed.
(rerunfilecheck)             Checksum: FD5668CF755A5F880685B02F9EA4D770;6448.
 ) 
Here is how much of TeX's memory you used:
 15515 strings out of 476331
 267893 string characters out of 5788709
 2281660 words of memory out of 5000000
 35546 multiletter control sequences out of 15000+600000
 523200 words of font info for 70 fonts, out of 8000000 for 9000
 1141 hyphenation exceptions out of 8191
 75i,11n,76p,733b,1606s stack positions out of 10000i,1000n,20000p,200000b,200000s
 <C:\Users\Dan\AppData\Local\MiKTeX\fonts/pk/ljfour/jknappen/ec/dpi600\tctt10
00.pk> <C:\Users\Dan\AppData\Local\MiKTeX\fonts/pk/ljfour/jknappen/ec/dpi600\tc
rm1200.pk><C:/Users/Dan/AppData/Local/Programs/MiKTeX/fonts/type1/public/amsfon
ts/cm/cmbx12.pfb><C:/Users/Dan/AppData/Local/Programs/MiKTeX/fonts/type1/public
/amsfonts/cm/cmcsc10.pfb><C:/Users/Dan/AppData/Local/Programs/MiKTeX/fonts/type
1/public/amsfonts/cm/cmmi12.pfb><C:/Users/Dan/AppData/Local/Programs/MiKTeX/fon
ts/type1/public/amsfonts/cm/cmmi8.pfb><C:/Users/Dan/AppData/Local/Programs/MiKT
eX/fonts/type1/public/amsfonts/cm/cmr10.pfb><C:/Users/Dan/AppData/Local/Program
s/MiKTeX/fonts/type1/public/amsfonts/cm/cmr12.pfb><C:/Users/Dan/AppData/Local/P
rograms/MiKTeX/fonts/type1/public/amsfonts/cm/cmr17.pfb><C:/Users/Dan/AppData/L
ocal/Programs/MiKTeX/fonts/type1/public/amsfonts/cm/cmr6.pfb><C:/Users/Dan/AppD
ata/Local/Programs/MiKTeX/fonts/type1/public/amsfonts/cm/cmr8.pfb><C:/Users/Dan
/AppData/Local/Programs/MiKTeX/fonts/type1/public/amsfonts/cm/cmsl12.pfb><C:/Us
ers/Dan/AppData/Local/Programs/MiKTeX/fonts/type1/public/amsfonts/cm/cmsy10.pfb
><C:/Users/Dan/AppData/Local/Programs/MiKTeX/fonts/type1/public/amsfonts/cm/cms
y8.pfb><C:/Users/Dan/AppData/Local/Programs/MiKTeX/fonts/type1/public/amsfonts/
cm/cmti12.pfb><C:/Users/Dan/AppData/Local/Programs/MiKTeX/fonts/type1/public/am
sfonts/cm/cmtt10.pfb><C:/Users/Dan/AppData/Local/Programs/MiKTeX/fonts/type1/pu
blic/amsfonts/cm/cmtt12.pfb>
Output written on main.pdf (68 pages, 3412107 bytes).
PDF statistics:
 962 PDF objects out of 1000 (max. 8388607)
 229 named destinations out of 1000 (max. 500000)
 645 words of extra memory for PDF output out of 10000 (max. 10000000)

